objc[93039]: Class AXEmojiUtilities is implemented in both /Applications/Xcode.app/Contents/Developer/Platforms/iPhoneSimulator.platform/Developer/SDKs/iPhoneSimulator7.0.sdk/System/Library/PrivateFrameworks/AccessibilityUtilities.framework/AccessibilityUtilities and /Applications/Xcode.app/Contents/Developer/Platforms/iPhoneSimulator.platform/Developer/SDKs/iPhoneSimulator7.0.sdk/usr/lib/libAXSpeechManager.dylib. One of the two will be used. Which one is undefined.
2014-02-07 11:50:08.540 HelloWorld[93039:a0b] Cannot find executable for CFBundle 0xa3adf40 </Applications/Xcode.app/Contents/Developer/Platforms/iPhoneSimulator.platform/Developer/SDKs/iPhoneSimulator7.0.sdk/System/Library/AccessibilityBundles/GeoServices.axbundle> (not loaded)
2014-02-07 11:50:08.557 HelloWorld[93039:a0b] Cannot find executable for CFBundle 0xd2642b0 </Applications/Xcode.app/Contents/Developer/Platforms/iPhoneSimulator.platform/Developer/SDKs/iPhoneSimulator7.0.sdk/System/Library/AccessibilityBundles/CertUIFramework.axbundle> (not loaded)
2014-02-07 11:50:08.654 HelloWorld[93039:a0b] Multi-tasking -> Device: YES, App: YES
2014-02-07 11:50:08.682 HelloWorld[93039:a0b] Unlimited access to network resources
2014-02-07 11:50:09.262 HelloWorld[93039:a0b] Resetting plugins due to page load.
2014-02-07 11:50:09.451 HelloWorld[93039:a0b] Finished load of: file:///Users/simon/Library/Application%20Support/iPhone%20Simulator/7.0/Applications/EFC431DF-E48B-45FD-8B0D-B5182B56E132/HelloWorld.app/www/index.html
objc[93440]: Class AXEmojiUtilities is implemented in both /Applications/Xcode.app/Contents/Developer/Platforms/iPhoneSimulator.platform/Developer/SDKs/iPhoneSimulator7.0.sdk/System/Library/PrivateFrameworks/AccessibilityUtilities.framework/AccessibilityUtilities and /Applications/Xcode.app/Contents/Developer/Platforms/iPhoneSimulator.platform/Developer/SDKs/iPhoneSimulator7.0.sdk/usr/lib/libAXSpeechManager.dylib. One of the two will be used. Which one is undefined.
2014-02-07 11:51:10.752 HelloWorld[93440:a0b] Cannot find executable for CFBundle 0xa378160 </Applications/Xcode.app/Contents/Developer/Platforms/iPhoneSimulator.platform/Developer/SDKs/iPhoneSimulator7.0.sdk/System/Library/AccessibilityBundles/CertUIFramework.axbundle> (not loaded)
2014-02-07 11:51:10.778 HelloWorld[93440:a0b] Cannot find executable for CFBundle 0xb8770e0 </Applications/Xcode.app/Contents/Developer/Platforms/iPhoneSimulator.platform/Developer/SDKs/iPhoneSimulator7.0.sdk/System/Library/AccessibilityBundles/GeoServices.axbundle> (not loaded)
2014-02-07 11:51:10.840 HelloWorld[93440:a0b] Multi-tasking -> Device: YES, App: YES
2014-02-07 11:51:10.846 HelloWorld[93440:a0b] Unlimited access to network resources
2014-02-07 11:51:10.992 HelloWorld[93440:a0b] Resetting plugins due to page load.
2014-02-07 11:51:11.047 HelloWorld[93440:a0b] Finished load of: file:///Users/simon/Library/Application%20Support/iPhone%20Simulator/7.0/Applications/EFC431DF-E48B-45FD-8B0D-B5182B56E132/HelloWorld.app/www/index.html
objc[93735]: Class AXEmojiUtilities is implemented in both /Applications/Xcode.app/Contents/Developer/Platforms/iPhoneSimulator.platform/Developer/SDKs/iPhoneSimulator7.0.sdk/System/Library/PrivateFrameworks/AccessibilityUtilities.framework/AccessibilityUtilities and /Applications/Xcode.app/Contents/Developer/Platforms/iPhoneSimulator.platform/Developer/SDKs/iPhoneSimulator7.0.sdk/usr/lib/libAXSpeechManager.dylib. One of the two will be used. Which one is undefined.
2014-02-07 11:53:06.568 HelloWorld[93735:a0b] Cannot find executable for CFBundle 0xb9a0e50 </Applications/Xcode.app/Contents/Developer/Platforms/iPhoneSimulator.platform/Developer/SDKs/iPhoneSimulator7.0.sdk/System/Library/AccessibilityBundles/CertUIFramework.axbundle> (not loaded)
2014-02-07 11:53:06.606 HelloWorld[93735:a0b] Cannot find executable for CFBundle 0xbad69b0 </Applications/Xcode.app/Contents/Developer/Platforms/iPhoneSimulator.platform/Developer/SDKs/iPhoneSimulator7.0.sdk/System/Library/AccessibilityBundles/GeoServices.axbundle> (not loaded)
2014-02-07 11:53:06.700 HelloWorld[93735:a0b] Multi-tasking -> Device: YES, App: YES
2014-02-07 11:53:06.707 HelloWorld[93735:a0b] Unlimited access to network resources
2014-02-07 11:53:06.898 HelloWorld[93735:a0b] Resetting plugins due to page load.
2014-02-07 11:53:06.957 HelloWorld[93735:a0b] Finished load of: file:///Users/simon/Library/Application%20Support/iPhone%20Simulator/7.0/Applications/EFC431DF-E48B-45FD-8B0D-B5182B56E132/HelloWorld.app/www/index.html
objc[94321]: Class AXEmojiUtilities is implemented in both /Applications/Xcode.app/Contents/Developer/Platforms/iPhoneSimulator.platform/Developer/SDKs/iPhoneSimulator7.0.sdk/System/Library/PrivateFrameworks/AccessibilityUtilities.framework/AccessibilityUtilities and /Applications/Xcode.app/Contents/Developer/Platforms/iPhoneSimulator.platform/Developer/SDKs/iPhoneSimulator7.0.sdk/usr/lib/libAXSpeechManager.dylib. One of the two will be used. Which one is undefined.
2014-02-07 12:04:05.463 HelloWorld[94321:a0b] Cannot find executable for CFBundle 0xb0b90c0 </Applications/Xcode.app/Contents/Developer/Platforms/iPhoneSimulator.platform/Developer/SDKs/iPhoneSimulator7.0.sdk/System/Library/AccessibilityBundles/CertUIFramework.axbundle> (not loaded)
2014-02-07 12:04:05.486 HelloWorld[94321:a0b] Cannot find executable for CFBundle 0xb2a57b0 </Applications/Xcode.app/Contents/Developer/Platforms/iPhoneSimulator.platform/Developer/SDKs/iPhoneSimulator7.0.sdk/System/Library/AccessibilityBundles/GeoServices.axbundle> (not loaded)
2014-02-07 12:04:05.552 HelloWorld[94321:a0b] Multi-tasking -> Device: YES, App: YES
2014-02-07 12:04:05.558 HelloWorld[94321:a0b] Unlimited access to network resources
2014-02-07 12:04:05.710 HelloWorld[94321:a0b] Resetting plugins due to page load.
2014-02-07 12:04:05.767 HelloWorld[94321:a0b] Finished load of: file:///Users/simon/Library/Application%20Support/iPhone%20Simulator/7.0/Applications/EFC431DF-E48B-45FD-8B0D-B5182B56E132/HelloWorld.app/www/index.html
objc[94645]: Class AXEmojiUtilities is implemented in both /Applications/Xcode.app/Contents/Developer/Platforms/iPhoneSimulator.platform/Developer/SDKs/iPhoneSimulator7.0.sdk/System/Library/PrivateFrameworks/AccessibilityUtilities.framework/AccessibilityUtilities and /Applications/Xcode.app/Contents/Developer/Platforms/iPhoneSimulator.platform/Developer/SDKs/iPhoneSimulator7.0.sdk/usr/lib/libAXSpeechManager.dylib. One of the two will be used. Which one is undefined.
2014-02-07 12:05:47.991 HelloWorld[94645:a0b] Cannot find executable for CFBundle 0xb38fcb0 </Applications/Xcode.app/Contents/Developer/Platforms/iPhoneSimulator.platform/Developer/SDKs/iPhoneSimulator7.0.sdk/System/Library/AccessibilityBundles/GeoServices.axbundle> (not loaded)
2014-02-07 12:05:48.007 HelloWorld[94645:a0b] Cannot find executable for CFBundle 0xa3cd1f0 </Applications/Xcode.app/Contents/Developer/Platforms/iPhoneSimulator.platform/Developer/SDKs/iPhoneSimulator7.0.sdk/System/Library/AccessibilityBundles/CertUIFramework.axbundle> (not loaded)
2014-02-07 12:05:48.194 HelloWorld[94645:a0b] Multi-tasking -> Device: YES, App: YES
2014-02-07 12:05:48.201 HelloWorld[94645:a0b] Unlimited access to network resources
2014-02-07 12:05:48.354 HelloWorld[94645:a0b] Resetting plugins due to page load.
2014-02-07 12:05:48.409 HelloWorld[94645:a0b] Finished load of: file:///Users/simon/Library/Application%20Support/iPhone%20Simulator/7.0/Applications/EFC431DF-E48B-45FD-8B0D-B5182B56E132/HelloWorld.app/www/index.html
objc[94991]: Class AXEmojiUtilities is implemented in both /Applications/Xcode.app/Contents/Developer/Platforms/iPhoneSimulator.platform/Developer/SDKs/iPhoneSimulator7.0.sdk/System/Library/PrivateFrameworks/AccessibilityUtilities.framework/AccessibilityUtilities and /Applications/Xcode.app/Contents/Developer/Platforms/iPhoneSimulator.platform/Developer/SDKs/iPhoneSimulator7.0.sdk/usr/lib/libAXSpeechManager.dylib. One of the two will be used. Which one is undefined.
2014-02-07 12:10:53.591 HelloWorld[94991:a0b] Cannot find executable for CFBundle 0xa39b2c0 </Applications/Xcode.app/Contents/Developer/Platforms/iPhoneSimulator.platform/Developer/SDKs/iPhoneSimulator7.0.sdk/System/Library/AccessibilityBundles/GeoServices.axbundle> (not loaded)
2014-02-07 12:10:53.605 HelloWorld[94991:a0b] Cannot find executable for CFBundle 0xba81450 </Applications/Xcode.app/Contents/Developer/Platforms/iPhoneSimulator.platform/Developer/SDKs/iPhoneSimulator7.0.sdk/System/Library/AccessibilityBundles/CertUIFramework.axbundle> (not loaded)
2014-02-07 12:10:53.678 HelloWorld[94991:a0b] Multi-tasking -> Device: YES, App: YES
2014-02-07 12:10:53.684 HelloWorld[94991:a0b] Unlimited access to network resources
2014-02-07 12:10:53.828 HelloWorld[94991:a0b] Resetting plugins due to page load.
2014-02-07 12:10:53.885 HelloWorld[94991:a0b] Finished load of: file:///Users/simon/Library/Application%20Support/iPhone%20Simulator/7.0/Applications/EFC431DF-E48B-45FD-8B0D-B5182B56E132/HelloWorld.app/www/index.html
